# JRE version: OpenJDK Runtime Environment Temurin-21.0.6+7 (21.0.6+7) (build 21.0.6+7-LTS)
# Java VM: OpenJDK 64-Bit Server VM Temurin-21.0.6+7 (21.0.6+7-LTS, mixed mode, emulated-client, sharing, tiered, compressed oops, compressed class ptrs, g1 gc, windows-amd64)
GC Precious Log:
 CardTable entry size: 512
 Card Set container configuration: InlinePtr #cards 5 size 8 Array Of Cards #cards 12 size 40 Howl #buckets 4 coarsen threshold 1843 Howl Bitmap #cards 512 size 80 coarsen threshold 460 Card regions per heap region 1 cards per card region 2048
 CPUs: 8 total, 8 available
 Memory: 8030M
 Large Page Support: Disabled
 NUMA Support: Disabled
 Compressed Oops: Enabled (32-bit)
 Heap Region Size: 1M
 Heap Min Capacity: 8M
 Heap Initial Capacity: 126M
 Heap Max Capacity: 2008M
 Pre-touch: Disabled
 Parallel Workers: 8
 Concurrent Workers: 2
 Concurrent Refinement Workers: 8
 Periodic GC: Disabled
Heap:
 garbage-first heap   total 59392K, used 47442K [0x0000000082800000, 0x0000000100000000)
  region size 1024K, 23 young (23552K), 3 survivors (3072K)
 Metaspace       used 44898K, committed 45568K, reserved 1114112K
  class space    used 5990K, committed 6336K, reserved 1048576K
GC Heap History (20 events):
Event: 1863.536 GC heap after
{Heap after GC invocations=25 (full 0):
 garbage-first heap   total 59392K, used 26361K [0x0000000082800000, 0x0000000100000000)
  region size 1024K, 2 young (2048K), 2 survivors (2048K)
 Metaspace       used 44380K, committed 45504K, reserved 1114112K
  class space    used 5900K, committed 6336K, reserved 1048576K
}
Event: 2454.260 GC heap before
{Heap before GC invocations=25 (full 0):
 garbage-first heap   total 59392K, used 52985K [0x0000000082800000, 0x0000000100000000)
  region size 1024K, 28 young (28672K), 2 survivors (2048K)
 Metaspace       used 44389K, committed 45504K, reserved 1114112K
  class space    used 5905K, committed 6336K, reserved 1048576K
}
Event: 2454.280 GC heap after
{Heap after GC invocations=26 (full 0):
 garbage-first heap   total 59392K, used 26421K [0x0000000082800000, 0x0000000100000000)
  region size 1024K, 2 young (2048K), 2 survivors (2048K)
 Metaspace       used 44389K, committed 45504K, reserved 1114112K
  class space    used 5905K, committed 6336K, reserved 1048576K
}
Event: 2827.045 GC heap before
{Heap before GC invocations=26 (full 0):
 garbage-first heap   total 59392K, used 53045K [0x0000000082800000, 0x0000000100000000)
  region size 1024K, 28 young (28672K), 2 survivors (2048K)
 Metaspace       used 44390K, committed 45504K, reserved 1114112K
  class space    used 5905K, committed 6336K, reserved 1048576K
}
Event: 2827.182 GC heap after
{Heap after GC invocations=27 (full 0):
 garbage-first heap   total 59392K, used 26547K [0x0000000082800000, 0x0000000100000000)
  region size 1024K, 2 young (2048K), 2 survivors (2048K)
 Metaspace       used 44390K, committed 45504K, reserved 1114112K
  class space    used 5905K, committed 6336K, reserved 1048576K
}
Event: 3015.964 GC heap before
{Heap before GC invocations=28 (full 0):
 garbage-first heap   total 59392K, used 52147K [0x0000000082800000, 0x0000000100000000)
  region size 1024K, 28 young (28672K), 2 survivors (2048K)
 Metaspace       used 44386K, committed 45504K, reserved 1114112K
  class space    used 5904K, committed 6336K, reserved 1048576K
}
Event: 3015.971 GC heap after
{Heap after GC invocations=29 (full 0):
 garbage-first heap   total 59392K, used 26037K [0x0000000082800000, 0x0000000100000000)
  region size 1024K, 2 young (2048K), 2 survivors (2048K)
 Metaspace       used 44386K, committed 45504K, reserved 1114112K
  class space    used 5904K, committed 6336K, reserved 1048576K
}
Event: 3199.151 GC heap before
{Heap before GC invocations=29 (full 0):
 garbage-first heap   total 59392K, used 40373K [0x0000000082800000, 0x0000000100000000)
  region size 1024K, 17 young (17408K), 2 survivors (2048K)
 Metaspace       used 44604K, committed 45504K, reserved 1114112K
  class space    used 5951K, committed 6336K, reserved 1048576K
}
Event: 3200.069 GC heap after
{Heap after GC invocations=30 (full 1):
 garbage-first heap   total 59392K, used 20310K [0x0000000082800000, 0x0000000100000000)
  region size 1024K, 0 young (0K), 0 survivors (0K)
 Metaspace       used 44564K, committed 45504K, reserved 1114112K
  class space    used 5942K, committed 6336K, reserved 1048576K
}
Event: 3206.231 GC heap before
{Heap before GC invocations=30 (full 1):
 garbage-first heap   total 59392K, used 52054K [0x0000000082800000, 0x0000000100000000)
  region size 1024K, 32 young (32768K), 0 survivors (0K)
 Metaspace       used 44702K, committed 45504K, reserved 1114112K
  class space    used 5970K, committed 6336K, reserved 1048576K
}
Event: 3206.246 GC heap after
{Heap after GC invocations=31 (full 1):
 garbage-first heap   total 59392K, used 24243K [0x0000000082800000, 0x0000000100000000)
  region size 1024K, 4 young (4096K), 4 survivors (4096K)
 Metaspace       used 44702K, committed 45504K, reserved 1114112K
  class space    used 5970K, committed 6336K, reserved 1048576K
}
Event: 3290.514 GC heap before
{Heap before GC invocations=32 (full 1):
 garbage-first heap   total 59392K, used 40627K [0x0000000082800000, 0x0000000100000000)
  region size 1024K, 21 young (21504K), 4 survivors (4096K)
 Metaspace       used 44823K, committed 45504K, reserved 1114112K
  class space    used 5998K, committed 6336K, reserved 1048576K
}
Event: 3290.764 GC heap after
{Heap after GC invocations=33 (full 2):
 garbage-first heap   total 59392K, used 22812K [0x0000000082800000, 0x0000000100000000)
  region size 1024K, 0 young (0K), 0 survivors (0K)
 Metaspace       used 44756K, committed 45504K, reserved 1114112K
  class space    used 5981K, committed 6336K, reserved 1048576K
}
Event: 3294.336 GC heap before
{Heap before GC invocations=33 (full 2):
 garbage-first heap   total 59392K, used 50460K [0x0000000082800000, 0x0000000100000000)
  region size 1024K, 28 young (28672K), 0 survivors (0K)
 Metaspace       used 44816K, committed 45504K, reserved 1114112K
  class space    used 5988K, committed 6336K, reserved 1048576K
}
Event: 3294.348 GC heap after
{Heap after GC invocations=34 (full 2):
 garbage-first heap   total 59392K, used 25835K [0x0000000082800000, 0x0000000100000000)
  region size 1024K, 3 young (3072K), 3 survivors (3072K)
 Metaspace       used 44816K, committed 45504K, reserved 1114112K
  class space    used 5988K, committed 6336K, reserved 1048576K
}
Event: 3297.416 GC heap before
{Heap before GC invocations=35 (full 2):
 garbage-first heap   total 59392K, used 40171K [0x0000000082800000, 0x0000000100000000)
  region size 1024K, 18 young (18432K), 3 survivors (3072K)
 Metaspace       used 44759K, committed 45504K, reserved 1114112K
  class space    used 5970K, committed 6336K, reserved 1048576K
}
Event: 3297.554 GC heap after
{Heap after GC invocations=36 (full 3):
 garbage-first heap   total 59392K, used 24198K [0x0000000082800000, 0x0000000100000000)
  region size 1024K, 0 young (0K), 0 survivors (0K)
 Metaspace       used 44759K, committed 45504K, reserved 1114112K
  class space    used 5970K, committed 6336K, reserved 1048576K
}
Event: 3300.596 GC heap before
{Heap before GC invocations=36 (full 3):
 garbage-first heap   total 59392K, used 50822K [0x0000000082800000, 0x0000000100000000)
  region size 1024K, 27 young (27648K), 0 survivors (0K)
 Metaspace       used 44820K, committed 45504K, reserved 1114112K
  class space    used 5978K, committed 6336K, reserved 1048576K
}
Event: 3300.606 GC heap after
{Heap after GC invocations=37 (full 3):
 garbage-first heap   total 59392K, used 27257K [0x0000000082800000, 0x0000000100000000)
  region size 1024K, 3 young (3072K), 3 survivors (3072K)
 Metaspace       used 44820K, committed 45504K, reserved 1114112K
  class space    used 5978K, committed 6336K, reserved 1048576K
}
Event: 3537.837 GC heap before
{Heap before GC invocations=38 (full 3):
 garbage-first heap   total 59392K, used 45689K [0x0000000082800000, 0x0000000100000000)
  region size 1024K, 23 young (23552K), 3 survivors (3072K)
 Metaspace       used 44898K, committed 45568K, reserved 1114112K
  class space    used 5990K, committed 6336K, reserved 1048576K
}

